<?xml version="1.0" encoding="utf-8" standalone="no"?>
<test-run id="2" testcasecount="1" result="Passed" total="1" passed="1" failed="0" inconclusive="0" skipped="0" asserts="1" engine-version="3.2.1.0" clr-version="4.0.30319.42000" start-time="2016-05-03 07:31:58Z" end-time="2016-05-03 07:32:25Z" duration="26.999148">
  <command-line><![CDATA["C:\Users\Student\Documents\Visual Studio 2013\Projects\RUAP_LV4\packages\NUnit.ConsoleRunner.3.2.1\tools\nunit3-console.exe"  C:\Users\Student\Desktop\RUAP_LV4\RUAP_LV4.sln]]></command-line>
  <test-suite type="Project" id="2" name="RUAP_LV4.sln" fullname="C:\Users\Student\Desktop\RUAP_LV4\RUAP_LV4.sln" testcasecount="1" result="Passed" total="1" passed="1" failed="0" inconclusive="0" skipped="0" asserts="1">
    <test-suite type="Assembly" id="1-1002" name="RUAP_LV4.dll" fullname="C:\Users\Student\Desktop\RUAP_LV4\RUAP_LV4\bin\Debug\RUAP_LV4.dll" runstate="Runnable" testcasecount="1" result="Passed" start-time="2016-05-03 07:31:58Z" end-time="2016-05-03 07:32:25Z" duration="26.893627" total="1" passed="1" failed="0" inconclusive="0" skipped="0" asserts="1">
      <environment framework-version="3.2.1.0" clr-version="4.0.30319.42000" os-version="Microsoft Windows NT 6.1.7601 Service Pack 1" platform="Win32NT" cwd="C:\Users\Student\Desktop\RUAP_LV4" machine-name="K301-13" user="Student" user-domain="K301-13" culture="hr-HR" uiculture="en-US" os-architecture="x64" />
      <settings>
        <setting name="WorkDirectory" value="C:\Users\Student\Desktop\RUAP_LV4" />
        <setting name="ImageRuntimeVersion" value="4.0.30319" />
        <setting name="ImageTargetFrameworkName" value=".NETFramework,Version=v4.5" />
        <setting name="ImageRequiresX86" value="False" />
        <setting name="ImageRequiresDefaultAppDomainAssemblyResolver" value="False" />
        <setting name="NumberOfTestWorkers" value="2" />
      </settings>
      <properties>
        <property name="_PID" value="5556" />
        <property name="_APPDOMAIN" value="test-domain-RUAP_LV4.sln" />
      </properties>
      <test-suite type="TestSuite" id="1-1003" name="SeleniumTests" fullname="SeleniumTests" runstate="Runnable" testcasecount="1" result="Passed" start-time="2016-05-03 07:31:58Z" end-time="2016-05-03 07:32:25Z" duration="26.880819" total="1" passed="1" failed="0" inconclusive="0" skipped="0" asserts="1">
        <test-suite type="TestFixture" id="1-1000" name="DEMOtest" fullname="SeleniumTests.DEMOtest" classname="SeleniumTests.DEMOtest" runstate="Runnable" testcasecount="1" result="Passed" start-time="2016-05-03 07:31:58Z" end-time="2016-05-03 07:32:25Z" duration="26.876987" total="1" passed="1" failed="0" inconclusive="0" skipped="0" asserts="1">
          <test-case id="1-1001" name="TheDEMOTest" fullname="SeleniumTests.DEMOtest.TheDEMOTest" methodname="TheDEMOTest" classname="SeleniumTests.DEMOtest" runstate="Runnable" seed="798259755" result="Passed" start-time="2016-05-03 07:31:58Z" end-time="2016-05-03 07:32:25Z" duration="26.861258" asserts="1" />
        </test-suite>
      </test-suite>
    </test-suite>
  </test-suite>
</test-run>